2017-09-04 21:23:07.698 DEBUG 2675 --- [restartedMain] o.s.w.c.s.StandardServletEnvironment     : Adding [servletConfigInitParams] PropertySource with lowest search precedence
2017-09-04 21:23:07.704 DEBUG 2675 --- [restartedMain] o.s.w.c.s.StandardServletEnvironment     : Adding [servletContextInitParams] PropertySource with lowest search precedence
2017-09-04 21:23:07.704 DEBUG 2675 --- [restartedMain] o.s.w.c.s.StandardServletEnvironment     : Adding [systemProperties] PropertySource with lowest search precedence
2017-09-04 21:23:07.705 DEBUG 2675 --- [restartedMain] o.s.w.c.s.StandardServletEnvironment     : Adding [systemEnvironment] PropertySource with lowest search precedence
2017-09-04 21:23:07.705 DEBUG 2675 --- [restartedMain] o.s.w.c.s.StandardServletEnvironment     : Initialized StandardServletEnvironment with PropertySources [servletConfigInitParams,servletContextInitParams,systemProperties,systemEnvironment]
2017-09-04 21:23:07.767  INFO 2675 --- [restartedMain] com.mwellness.mcare.AMainApp              : Starting AMainApp on qubit-001-laptop with PID 2675 (/home/dev01/Projects/qubitlabs/aretas/code/SleepPortal/target/classes started by dev01 in /home/dev01/Projects/qubitlabs/aretas/code/SleepPortal)
2017-09-04 21:23:07.768  INFO 2675 --- [restartedMain] com.mwellness.mcare.AMainApp              : No active profile set, falling back to default profiles: default
2017-09-04 21:23:07.816  INFO 2675 --- [restartedMain] ationConfigEmbeddedWebApplicationContext : Refreshing org.springframework.boot.context.embedded.AnnotationConfigEmbeddedWebApplicationContext@109c0552: startup date [Mon Sep 04 21:23:07 AST 2017]; root of context hierarchy
2017-09-04 21:23:07.842 DEBUG 2675 --- [restartedMain] o.s.w.c.s.StandardServletEnvironment     : Adding [class path resource [application.properties]] PropertySource with lowest search precedence
2017-09-04 21:23:07.843 DEBUG 2675 --- [restartedMain] o.s.w.c.s.StandardServletEnvironment     : Adding [class path resource [auth0.properties]] PropertySource with search precedence immediately higher than [class path resource [application.properties]]
2017-09-04 21:23:08.688 DEBUG 2675 --- [restartedMain] o.s.w.c.s.StandardServletEnvironment     : Adding [applicationConfig: [classpath:/application.properties]] PropertySource with search precedence immediately lower than [applicationConfigurationProperties]
2017-09-04 21:23:08.689 DEBUG 2675 --- [restartedMain] o.s.w.c.s.StandardServletEnvironment     : Removing [applicationConfigurationProperties] PropertySource
2017-09-04 21:23:08.689 DEBUG 2675 --- [restartedMain] o.s.w.c.s.StandardServletEnvironment     : Removing [defaultProperties] PropertySource
2017-09-04 21:23:08.768  INFO 2675 --- [restartedMain] trationDelegate$BeanPostProcessorChecker : Bean 'org.springframework.transaction.annotation.ProxyTransactionManagementConfiguration' of type [class org.springframework.transaction.annotation.ProxyTransactionManagementConfiguration$$EnhancerBySpringCGLIB$$3dc5392b] is not eligible for getting processed by all BeanPostProcessors (for example: not eligible for auto-proxying)
2017-09-04 21:23:09.008  WARN 2675 --- [restartedMain] ationConfigEmbeddedWebApplicationContext : Exception encountered during context initialization - cancelling refresh attempt: org.springframework.context.ApplicationContextException: Unable to start embedded container; nested exception is java.lang.NoClassDefFoundError: org/apache/juli/logging/LogFactory
2017-09-04 21:23:09.012 ERROR 2675 --- [restartedMain] o.s.boot.SpringApplication               : Application startup failed

org.springframework.context.ApplicationContextException: Unable to start embedded container; nested exception is java.lang.NoClassDefFoundError: org/apache/juli/logging/LogFactory
	at org.springframework.boot.context.embedded.EmbeddedWebApplicationContext.onRefresh(EmbeddedWebApplicationContext.java:133) ~[spring-boot-1.3.5.RELEASE.jar:1.3.5.RELEASE]
	at org.springframework.context.support.AbstractApplicationContext.refresh(AbstractApplicationContext.java:532) ~[spring-context-4.2.6.RELEASE.jar:4.2.6.RELEASE]
	at org.springframework.boot.context.embedded.EmbeddedWebApplicationContext.refresh(EmbeddedWebApplicationContext.java:118) ~[spring-boot-1.3.5.RELEASE.jar:1.3.5.RELEASE]
	at org.springframework.boot.SpringApplication.refresh(SpringApplication.java:766) [spring-boot-1.3.5.RELEASE.jar:1.3.5.RELEASE]
	at org.springframework.boot.SpringApplication.createAndRefreshContext(SpringApplication.java:361) [spring-boot-1.3.5.RELEASE.jar:1.3.5.RELEASE]
	at org.springframework.boot.SpringApplication.run(SpringApplication.java:307) [spring-boot-1.3.5.RELEASE.jar:1.3.5.RELEASE]
	at org.springframework.boot.SpringApplication.run(SpringApplication.java:1191) [spring-boot-1.3.5.RELEASE.jar:1.3.5.RELEASE]
	at org.springframework.boot.SpringApplication.run(SpringApplication.java:1180) [spring-boot-1.3.5.RELEASE.jar:1.3.5.RELEASE]
	at com.mwellness.mcare.AMainApp.main(AMainApp.java:74) [classes/:na]
	at sun.reflect.NativeMethodAccessorImpl.invoke0(Native Method) ~[na:1.8.0_131]
	at sun.reflect.NativeMethodAccessorImpl.invoke(NativeMethodAccessorImpl.java:62) ~[na:1.8.0_131]
	at sun.reflect.DelegatingMethodAccessorImpl.invoke(DelegatingMethodAccessorImpl.java:43) ~[na:1.8.0_131]
	at java.lang.reflect.Method.invoke(Method.java:498) ~[na:1.8.0_131]
	at org.springframework.boot.devtools.restart.RestartLauncher.run(RestartLauncher.java:49) [spring-boot-devtools-1.3.5.RELEASE.jar:1.3.5.RELEASE]
Caused by: java.lang.NoClassDefFoundError: org/apache/juli/logging/LogFactory
	at org.apache.catalina.util.LifecycleBase.<clinit>(LifecycleBase.java:37) ~[tomcat-embed-core-8.0.33.jar:8.0.33]
	at org.springframework.boot.context.embedded.tomcat.TomcatEmbeddedServletContainerFactory.getEmbeddedServletContainer(TomcatEmbeddedServletContainerFactory.java:158) ~[spring-boot-1.3.5.RELEASE.jar:1.3.5.RELEASE]
	at org.springframework.boot.context.embedded.EmbeddedWebApplicationContext.createEmbeddedServletContainer(EmbeddedWebApplicationContext.java:160) ~[spring-boot-1.3.5.RELEASE.jar:1.3.5.RELEASE]
	at org.springframework.boot.context.embedded.EmbeddedWebApplicationContext.onRefresh(EmbeddedWebApplicationContext.java:130) ~[spring-boot-1.3.5.RELEASE.jar:1.3.5.RELEASE]
	... 13 common frames omitted
Caused by: java.lang.ClassNotFoundException: org.apache.juli.logging.LogFactory
	at java.net.URLClassLoader.findClass(URLClassLoader.java:381) ~[na:1.8.0_131]
	at java.lang.ClassLoader.loadClass(ClassLoader.java:424) ~[na:1.8.0_131]
	at sun.misc.Launcher$AppClassLoader.loadClass(Launcher.java:335) ~[na:1.8.0_131]
	at java.lang.ClassLoader.loadClass(ClassLoader.java:357) ~[na:1.8.0_131]
	... 17 common frames omitted

2017-09-04 21:23:09.013  INFO 2675 --- [restartedMain] .b.l.ClasspathLoggingApplicationListener : Application failed to start with classpath: [file:/home/dev01/Projects/qubitlabs/aretas/code/SleepPortal/target/classes/]
2017-09-04 21:23:09.986  INFO 2675 --- [Thread-5] com.mwellness.mcare.AMainApp              : class com.mwellness.mcare.auth0.Auth0MgmtToken: {"access_token":"eyJ0eXAiOiJKV1QiLCJhbGciOiJSUzI1NiIsImtpZCI6Ik9FTTNPREZHT0RNeU5EbERNMFZHUXpRd1FUUkZSVVExUmtSRE5EQXdOMFV4UWtJMlJVUkZSUSJ9.eyJpc3MiOiJodHRwczovL3F1Yml0bWVkLmF1dGgwLmNvbS8iLCJzdWIiOiJEU1hYNFVDZ3ZHZjF0NldSV2JKMEtCaWR4MDNJSFJmZUBjbGllbnRzIiwiYXVkIjoiaHR0cHM6Ly9xdWJpdG1lZC5hdXRoMC5jb20vYXBpL3YyLyIsImV4cCI6MTUwNDYzNTc4OSwiaWF0IjoxNTA0NTQ5Mzg5LCJzY29wZSI6InJlYWQ6dXNlcnMgcmVhZDp1c2Vyc19hcHBfbWV0YWRhdGEifQ.I480nijI4cGCYmoo-k-Tfz8pn81_QE1w5g7JvFZiOCbEV4s5gimeH9Uql-NrCetw4yxLEeJLJmlRaECBzEvdN8BWr9C3Qjv-TXx5BggLf7wojRwogLZNTeMT03YouqsK16OJfQuI8LPra2I1Rroc3Ps5qh4Q4imAYLtEVbi0mmokKZ87aMp673_-k4x7SHzfzSr-HCHXvHkIqb7lt9rMyfdZgeae2sxwzsU6Hr_mgKMdhKUsdZu4_LSBTP5LrGp7C1hSGGwtVs831O0NlbdwbIGl9e9sd_Aki17Sjb7haguKbERreW7ERnoRSGejkmi4o0Crz4YCrNckOs17_DI4Zg","expires_in":86400,"scope":"read:users read:users_app_metadata","token_type":"Bearer"}
2017-09-04 21:23:09.996  INFO 2675 --- [Thread-5] com.mwellness.mcare.AMainApp              : Auth0Mgmt Token: eyJ0eXAiOiJKV1QiLCJhbGciOiJSUzI1NiIsImtpZCI6Ik9FTTNPREZHT0RNeU5EbERNMFZHUXpRd1FUUkZSVVExUmtSRE5EQXdOMFV4UWtJMlJVUkZSUSJ9.eyJpc3MiOiJodHRwczovL3F1Yml0bWVkLmF1dGgwLmNvbS8iLCJzdWIiOiJEU1hYNFVDZ3ZHZjF0NldSV2JKMEtCaWR4MDNJSFJmZUBjbGllbnRzIiwiYXVkIjoiaHR0cHM6Ly9xdWJpdG1lZC5hdXRoMC5jb20vYXBpL3YyLyIsImV4cCI6MTUwNDYzNTc4OSwiaWF0IjoxNTA0NTQ5Mzg5LCJzY29wZSI6InJlYWQ6dXNlcnMgcmVhZDp1c2Vyc19hcHBfbWV0YWRhdGEifQ.I480nijI4cGCYmoo-k-Tfz8pn81_QE1w5g7JvFZiOCbEV4s5gimeH9Uql-NrCetw4yxLEeJLJmlRaECBzEvdN8BWr9C3Qjv-TXx5BggLf7wojRwogLZNTeMT03YouqsK16OJfQuI8LPra2I1Rroc3Ps5qh4Q4imAYLtEVbi0mmokKZ87aMp673_-k4x7SHzfzSr-HCHXvHkIqb7lt9rMyfdZgeae2sxwzsU6Hr_mgKMdhKUsdZu4_LSBTP5LrGp7C1hSGGwtVs831O0NlbdwbIGl9e9sd_Aki17Sjb7haguKbERreW7ERnoRSGejkmi4o0Crz4YCrNckOs17_DI4Zg
2017-09-04 21:23:10.006  INFO 2675 --- [Thread-0] com.mwellness.mcare.AMainApp              : class com.mwellness.mcare.auth0.Auth0MgmtToken: {"access_token":"eyJ0eXAiOiJKV1QiLCJhbGciOiJSUzI1NiIsImtpZCI6Ik9FTTNPREZHT0RNeU5EbERNMFZHUXpRd1FUUkZSVVExUmtSRE5EQXdOMFV4UWtJMlJVUkZSUSJ9.eyJpc3MiOiJodHRwczovL3F1Yml0bWVkLmF1dGgwLmNvbS8iLCJzdWIiOiJEU1hYNFVDZ3ZHZjF0NldSV2JKMEtCaWR4MDNJSFJmZUBjbGllbnRzIiwiYXVkIjoiaHR0cHM6Ly9xdWJpdG1lZC5hdXRoMC5jb20vYXBpL3YyLyIsImV4cCI6MTUwNDYzNTc4OSwiaWF0IjoxNTA0NTQ5Mzg5LCJzY29wZSI6InJlYWQ6dXNlcnMgcmVhZDp1c2Vyc19hcHBfbWV0YWRhdGEifQ.I480nijI4cGCYmoo-k-Tfz8pn81_QE1w5g7JvFZiOCbEV4s5gimeH9Uql-NrCetw4yxLEeJLJmlRaECBzEvdN8BWr9C3Qjv-TXx5BggLf7wojRwogLZNTeMT03YouqsK16OJfQuI8LPra2I1Rroc3Ps5qh4Q4imAYLtEVbi0mmokKZ87aMp673_-k4x7SHzfzSr-HCHXvHkIqb7lt9rMyfdZgeae2sxwzsU6Hr_mgKMdhKUsdZu4_LSBTP5LrGp7C1hSGGwtVs831O0NlbdwbIGl9e9sd_Aki17Sjb7haguKbERreW7ERnoRSGejkmi4o0Crz4YCrNckOs17_DI4Zg","expires_in":86400,"scope":"read:users read:users_app_metadata","token_type":"Bearer"}
2017-09-04 21:23:10.007  INFO 2675 --- [Thread-0] com.mwellness.mcare.AMainApp              : Auth0Mgmt Token: eyJ0eXAiOiJKV1QiLCJhbGciOiJSUzI1NiIsImtpZCI6Ik9FTTNPREZHT0RNeU5EbERNMFZHUXpRd1FUUkZSVVExUmtSRE5EQXdOMFV4UWtJMlJVUkZSUSJ9.eyJpc3MiOiJodHRwczovL3F1Yml0bWVkLmF1dGgwLmNvbS8iLCJzdWIiOiJEU1hYNFVDZ3ZHZjF0NldSV2JKMEtCaWR4MDNJSFJmZUBjbGllbnRzIiwiYXVkIjoiaHR0cHM6Ly9xdWJpdG1lZC5hdXRoMC5jb20vYXBpL3YyLyIsImV4cCI6MTUwNDYzNTc4OSwiaWF0IjoxNTA0NTQ5Mzg5LCJzY29wZSI6InJlYWQ6dXNlcnMgcmVhZDp1c2Vyc19hcHBfbWV0YWRhdGEifQ.I480nijI4cGCYmoo-k-Tfz8pn81_QE1w5g7JvFZiOCbEV4s5gimeH9Uql-NrCetw4yxLEeJLJmlRaECBzEvdN8BWr9C3Qjv-TXx5BggLf7wojRwogLZNTeMT03YouqsK16OJfQuI8LPra2I1Rroc3Ps5qh4Q4imAYLtEVbi0mmokKZ87aMp673_-k4x7SHzfzSr-HCHXvHkIqb7lt9rMyfdZgeae2sxwzsU6Hr_mgKMdhKUsdZu4_LSBTP5LrGp7C1hSGGwtVs831O0NlbdwbIGl9e9sd_Aki17Sjb7haguKbERreW7ERnoRSGejkmi4o0Crz4YCrNckOs17_DI4Zg
